2026-06-28T20:06:01.709-04:00  INFO 18728 --- [order-service] [main] c.d.f.o.OrderServiceM4ApplicationTests   : Starting OrderServiceM4ApplicationTests using Java 17.0.12 with PID 18728 (started by jonas in C:\Users\jonas\Desktop\evaluacion3-videojuegos\Order_Service_M4)
2026-06-28T20:06:01.713-04:00 DEBUG 18728 --- [order-service] [main] c.d.f.o.OrderServiceM4ApplicationTests   : Running with Spring Boot v3.4.4, Spring v6.2.5
2026-06-28T20:06:01.715-04:00  INFO 18728 --- [order-service] [main] c.d.f.o.OrderServiceM4ApplicationTests   : The following 1 profile is active: "h2"
2026-06-28T20:06:03.776-04:00  INFO 18728 --- [order-service] [main] .s.d.r.c.RepositoryConfigurationDelegate : Bootstrapping Spring Data JPA repositories in DEFAULT mode.
2026-06-28T20:06:03.918-04:00  INFO 18728 --- [order-service] [main] .s.d.r.c.RepositoryConfigurationDelegate : Finished Spring Data repository scanning in 105 ms. Found 1 JPA repository interface.
2026-06-28T20:06:04.947-04:00  INFO 18728 --- [order-service] [main] o.hibernate.jpa.internal.util.LogHelper  : HHH000204: Processing PersistenceUnitInfo [name: default]
2026-06-28T20:06:05.085-04:00  INFO 18728 --- [order-service] [main] org.hibernate.Version                    : HHH000412: Hibernate ORM core version 6.6.11.Final
2026-06-28T20:06:05.203-04:00  INFO 18728 --- [order-service] [main] o.h.c.internal.RegionFactoryInitiator    : HHH000026: Second-level cache disabled
2026-06-28T20:06:06.057-04:00  INFO 18728 --- [order-service] [main] o.s.o.j.p.SpringPersistenceUnitInfo      : No LoadTimeWeaver setup: ignoring JPA class transformer
2026-06-28T20:06:06.134-04:00  INFO 18728 --- [order-service] [main] com.zaxxer.hikari.HikariDataSource       : HikariPool-1 - Starting...
2026-06-28T20:06:06.523-04:00  INFO 18728 --- [order-service] [main] com.zaxxer.hikari.pool.HikariPool        : HikariPool-1 - Added connection conn0: url=jdbc:h2:mem:orders_db user=SA
2026-06-28T20:06:06.530-04:00  INFO 18728 --- [order-service] [main] com.zaxxer.hikari.HikariDataSource       : HikariPool-1 - Start completed.
2026-06-28T20:06:06.629-04:00  INFO 18728 --- [order-service] [main] org.hibernate.orm.connections.pooling    : HHH10001005: Database info:
	Database JDBC URL [Connecting through datasource 'HikariDataSource (HikariPool-1)']
	Database driver: undefined/unknown
	Database version: 2.3.232
	Autocommit mode: undefined/unknown
	Isolation level: undefined/unknown
	Minimum pool size: undefined/unknown
	Maximum pool size: undefined/unknown
2026-06-28T20:06:08.030-04:00  INFO 18728 --- [order-service] [main] o.h.e.t.j.p.i.JtaPlatformInitiator       : HHH000489: No JTA platform available (set 'hibernate.transaction.jta.platform' to enable JTA platform integration)
2026-06-28T20:06:08.106-04:00  INFO 18728 --- [order-service] [main] j.LocalContainerEntityManagerFactoryBean : Initialized JPA EntityManagerFactory for persistence unit 'default'
2026-06-28T20:06:08.947-04:00  WARN 18728 --- [order-service] [main] .s.s.UserDetailsServiceAutoConfiguration : 

Using generated security password: 8096187a-cf1b-4418-a94e-04c090fe5653

This generated password is for development use only. Your security configuration must be updated before running your application in production.

2026-06-28T20:06:09.007-04:00  INFO 18728 --- [order-service] [main] r$InitializeUserDetailsManagerConfigurer : Global AuthenticationManager configured with UserDetailsService bean with name inMemoryUserDetailsManager
2026-06-28T20:06:10.468-04:00  INFO 18728 --- [order-service] [main] o.s.b.a.h2.H2ConsoleAutoConfiguration    : H2 console available at '/h2-console'. Database available at 'jdbc:h2:mem:orders_db'
2026-06-28T20:06:10.593-04:00  INFO 18728 --- [order-service] [main] c.d.f.o.OrderServiceM4ApplicationTests   : Started OrderServiceM4ApplicationTests in 9.861 seconds (process running for 11.589)
2026-06-28T20:06:12.961-04:00  WARN 18728 --- [order-service] [main] c.d.f.o.service.OrderService             : El producto con ID 999 no existe.
2026-06-28T20:06:13.011-04:00  INFO 18728 --- [order-service] [main] c.d.f.o.service.OrderService             : Orden creada exitosamente con ID 1
2026-06-28T20:06:13.068-04:00  INFO 18728 --- [order-service] [SpringApplicationShutdownHook] j.LocalContainerEntityManagerFactoryBean : Closing JPA EntityManagerFactory for persistence unit 'default'
2026-06-28T20:06:13.081-04:00  INFO 18728 --- [order-service] [SpringApplicationShutdownHook] com.zaxxer.hikari.HikariDataSource       : HikariPool-1 - Shutdown initiated...
2026-06-28T20:06:13.088-04:00  INFO 18728 --- [order-service] [SpringApplicationShutdownHook] com.zaxxer.hikari.HikariDataSource       : HikariPool-1 - Shutdown completed.
